<?xml version="1.0" encoding="utf-8"?><testsuites name="pytest tests"><testsuite name="pytest" errors="1" failures="0" skipped="0" tests="1" time="2.116" timestamp="2026-09-07T17:26:47.135579+09:00" hostname="dev-pc"><testcase classname="" name="test_e2e" time="0.000"><error message="collection failure">ImportError while importing test module 'C:\work\sample-project\test_e2e.py'.
Hint: make sure your test modules/packages have valid Python names.
Traceback:
C:\Python311\Lib\importlib\__init__.py:126: in import_module
    return _bootstrap._gcd_import(name[level:], package, level)
           ^^^^^^^^^^^^^^^^^^^^^^^^^^^^^^^^^^^^^^^^^^^^^^^^^^^^
test_e2e.py:13: in &lt;module&gt;
    from playwright.sync_api import sync_playwright, Page
E   ModuleNotFoundError: No module named 'playwright'</error></testcase></testsuite></testsuites>